TN:
SF:/Users/cliffano/dev/workspace/breaker/lib/breaker.js
FN:13,Breaker
FN:22,(anonymous_2)
FN:32,(anonymous_3)
FN:44,(anonymous_4)
FN:46,(anonymous_5)
FN:52,(anonymous_6)
FN:53,(anonymous_7)
FN:70,(anonymous_8)
FN:75,_match
FN:77,(anonymous_10)
FN:78,(anonymous_11)
FN:88,(anonymous_12)
FNF:12
FNH:12
FNDA:19,Breaker
FNDA:1,(anonymous_2)
FNDA:1,(anonymous_3)
FNDA:3,(anonymous_4)
FNDA:5,(anonymous_5)
FNDA:6,(anonymous_6)
FNDA:6,(anonymous_7)
FNDA:8,(anonymous_8)
FNDA:25,_match
FNDA:37,(anonymous_10)
FNDA:64,(anonymous_11)
FNDA:25,(anonymous_12)
DA:1,1
DA:13,1
DA:14,19
DA:22,1
DA:23,1
DA:32,1
DA:33,1
DA:34,1
DA:35,1
DA:44,1
DA:45,3
DA:46,3
DA:48,5
DA:49,5
DA:50,1
DA:52,5
DA:53,6
DA:54,6
DA:61,6
DA:62,6
DA:67,3
DA:70,1
DA:71,8
DA:75,1
DA:76,25
DA:77,25
DA:78,37
DA:79,64
DA:80,14
DA:84,25
DA:87,8
DA:88,6
DA:89,25
DA:90,25
DA:91,13
DA:92,13
DA:96,2
DA:99,8
DA:102,1
LF:39
LH:39
BRDA:14,1,0,19
BRDA:14,1,1,8
BRDA:49,2,0,1
BRDA:49,2,1,4
BRDA:55,3,0,5
BRDA:55,3,1,1
BRDA:56,4,0,5
BRDA:56,4,1,1
BRDA:58,5,0,5
BRDA:58,5,1,1
BRDA:79,6,0,14
BRDA:79,6,1,50
BRDA:87,7,0,6
BRDA:87,7,1,2
BRDA:90,8,0,13
BRDA:90,8,1,12
BRF:16
BRH:16
end_of_record
TN:
SF:/Users/cliffano/dev/workspace/breaker/lib/cli.js
FN:5,_init
FN:10,_format
FN:21,_ssh
FN:35,exec
FNF:4
FNH:4
FNDA:1,_init
FNDA:3,_format
FNDA:2,_ssh
FNDA:7,exec
DA:1,1
DA:5,1
DA:6,1
DA:7,1
DA:10,1
DA:11,3
DA:13,3
DA:14,3
DA:15,1
DA:18,3
DA:21,1
DA:22,2
DA:24,2
DA:25,2
DA:26,1
DA:29,2
DA:35,1
DA:37,7
DA:45,7
DA:48,1
LF:20
LH:20
BRDA:11,1,0,3
BRDA:11,1,1,1
BRDA:14,2,0,1
BRDA:14,2,1,2
BRDA:18,3,0,3
BRDA:18,3,1,2
BRDA:22,4,0,2
BRDA:22,4,1,1
BRDA:25,5,0,1
BRDA:25,5,1,1
BRF:10
BRH:10
end_of_record
TN:
SF:/Users/cliffano/dev/workspace/breaker/lib/formatters/ansible.js
FN:9,format
FN:13,(anonymous_2)
FN:14,(anonymous_3)
FN:25,(anonymous_4)
FN:30,(anonymous_5)
FN:36,(anonymous_6)
FN:37,(anonymous_7)
FNF:7
FNH:7
FNDA:5,format
FNDA:10,(anonymous_2)
FNDA:10,(anonymous_3)
FNDA:9,(anonymous_4)
FNDA:7,(anonymous_5)
FNDA:9,(anonymous_6)
FNDA:9,(anonymous_7)
DA:1,1
DA:9,1
DA:12,5
DA:13,5
DA:14,10
DA:15,10
DA:16,1
DA:18,9
DA:24,5
DA:25,5
DA:26,9
DA:27,9
DA:28,9
DA:30,5
DA:31,7
DA:35,5
DA:36,5
DA:37,9
DA:38,9
DA:39,9
DA:43,5
DA:46,1
LF:22
LH:22
BRDA:15,1,0,1
BRDA:15,1,1,9
BRF:2
BRH:2
end_of_record
TN:
SF:/Users/cliffano/dev/workspace/breaker/lib/formatters/clusterssh.js
FN:9,format
FN:13,(anonymous_2)
FN:14,(anonymous_3)
FN:25,(anonymous_4)
FN:30,(anonymous_5)
FN:37,(anonymous_6)
FN:38,(anonymous_7)
FNF:7
FNH:7
FNDA:6,format
FNDA:11,(anonymous_2)
FNDA:11,(anonymous_3)
FNDA:10,(anonymous_4)
FNDA:7,(anonymous_5)
FNDA:10,(anonymous_6)
FNDA:10,(anonymous_7)
DA:1,1
DA:9,1
DA:12,6
DA:13,6
DA:14,11
DA:15,11
DA:16,1
DA:18,10
DA:24,6
DA:25,6
DA:26,10
DA:27,10
DA:28,10
DA:30,6
DA:31,7
DA:35,6
DA:37,6
DA:38,10
DA:39,10
DA:40,10
DA:45,6
DA:46,5
DA:49,6
DA:52,1
LF:24
LH:24
BRDA:15,1,0,1
BRDA:15,1,1,10
BRDA:45,2,0,5
BRDA:45,2,1,1
BRF:4
BRH:4
end_of_record
TN:
SF:/Users/cliffano/dev/workspace/breaker/lib/formatters/sshconfig.js
FN:10,format
FN:15,(anonymous_2)
FN:18,(anonymous_3)
FN:26,(anonymous_4)
FN:27,(anonymous_5)
FN:36,(anonymous_6)
FN:42,(anonymous_7)
FN:45,(anonymous_8)
FNF:8
FNH:8
FNDA:6,format
FNDA:9,(anonymous_2)
FNDA:9,(anonymous_3)
FNDA:9,(anonymous_4)
FNDA:9,(anonymous_5)
FNDA:3,(anonymous_6)
FNDA:7,(anonymous_7)
FNDA:6,(anonymous_8)
DA:1,1
DA:10,1
DA:13,6
DA:15,6
DA:16,9
DA:18,6
DA:19,9
DA:20,7
DA:25,6
DA:26,6
DA:27,9
DA:28,9
DA:29,7
DA:30,7
DA:31,7
DA:36,6
DA:37,3
DA:41,6
DA:42,6
DA:43,7
DA:44,7
DA:45,7
DA:46,6
DA:56,6
DA:59,1
LF:25
LH:25
BRDA:19,1,0,7
BRDA:19,1,1,2
BRDA:28,2,0,7
BRDA:28,2,1,2
BRDA:44,3,0,7
BRDA:44,3,1,1
BRDA:49,4,0,2
BRDA:49,4,1,4
BRDA:50,5,0,5
BRDA:50,5,1,1
BRDA:51,6,0,1
BRDA:51,6,1,5
BRF:12
BRH:12
end_of_record
